<?xml version="1.0" encoding="UTF-8"?>
<!-- Generated by org.testng.reporters.JUnitXMLReporter -->
<testsuite hostname="DESKTOP-8G9MUS3" ignored="0" name="Free CRM App Test Cases" tests="6" failures="1" timestamp="2020-02-27T11:36:49 EST" time="89.573" errors="0">
  <testcase name="crmLogoImgTest" time="0.079" classname="com.crm.qa.testcases.LoginPageTestcases"/>
  <testcase name="crmTitleTest" time="0.036" classname="com.crm.qa.testcases.LoginPageTestcases">
    <failure type="java.lang.AssertionError" message="expected [CRMPRO  - CRM software for customer relationship management, sales, and support.] but found [CRMPRO - CRM software for customer relationship management, sales, and support.]">
      <![CDATA[java.lang.AssertionError: expected [CRMPRO  - CRM software for customer relationship management, sales, and support.] but found [CRMPRO - CRM software for customer relationship management, sales, and support.]
at com.crm.qa.testcases.LoginPageTestcases.crmTitleTest(LoginPageTestcases.java:41)
at java.util.ArrayList.forEach(Unknown Source)
... Removed 32 stack frames]]>
    </failure>
  </testcase> <!-- crmTitleTest -->
  <testcase name="loginTest" time="2.978" classname="com.crm.qa.testcases.LoginPageTestcases"/>
  <testcase name="verifyHomePageTitleTest" time="0.011" classname="com.crm.qa.testcases.HomePageTestCases"/>
  <testcase name="verifyUserNameTest" time="0.164" classname="com.crm.qa.testcases.HomePageTestCases"/>
  <testcase name="virifyContactsLiskTest" time="1.415" classname="com.crm.qa.testcases.HomePageTestCases"/>
</testsuite> <!-- Free CRM App Test Cases -->
