<?xml version="1.0" encoding="UTF-8"?>
<!-- Generated by org.testng.reporters.JUnitXMLReporter -->
<testsuite hostname="DESKTOP-8G9MUS3" ignored="0" name="Default test" tests="3" failures="0" timestamp="2020-04-26T18:57:42 EDT" time="47.835" errors="0">
  <testcase name="verifyHomePageTitleTest" time="0.033" classname="com.crm.qa.testcases.HomePageTestCases"/>
  <testcase name="verifyUserNameTest" time="0.163" classname="com.crm.qa.testcases.HomePageTestCases"/>
  <testcase name="virifyContactsLiskTest" time="1.141" classname="com.crm.qa.testcases.HomePageTestCases"/>
</testsuite> <!-- Default test -->
