<?xml version="1.0" encoding="UTF-8"?>
<testng-results skipped="0" failed="0" ignored="0" total="3" passed="3">
  <reporter-output>
  </reporter-output>
  <suite name="Default suite" duration-ms="47835" started-at="2020-04-26T18:56:54 EDT" finished-at="2020-04-26T18:57:42 EDT">
    <groups>
    </groups>
    <test name="Default test" duration-ms="47835" started-at="2020-04-26T18:56:54 EDT" finished-at="2020-04-26T18:57:42 EDT">
      <class name="com.crm.qa.testcases.HomePageTestCases">
        <test-method status="PASS" signature="setUp()[pri:0, instance:com.crm.qa.testcases.HomePageTestCases@7e2d773b]" name="setUp" is-config="true" duration-ms="15188" started-at="2020-04-26T18:56:54 EDT" finished-at="2020-04-26T18:57:09 EDT">
          <reporter-output>
          </reporter-output>
        </test-method> <!-- setUp -->
        <test-method status="PASS" signature="verifyHomePageTitleTest()[pri:1, instance:com.crm.qa.testcases.HomePageTestCases@7e2d773b]" name="verifyHomePageTitleTest" duration-ms="33" started-at="2020-04-26T18:57:09 EDT" finished-at="2020-04-26T18:57:10 EDT">
          <reporter-output>
          </reporter-output>
        </test-method> <!-- verifyHomePageTitleTest -->
        <test-method status="PASS" signature="tearDown()[pri:0, instance:com.crm.qa.testcases.HomePageTestCases@7e2d773b]" name="tearDown" is-config="true" duration-ms="915" started-at="2020-04-26T18:57:10 EDT" finished-at="2020-04-26T18:57:10 EDT">
          <reporter-output>
          </reporter-output>
        </test-method> <!-- tearDown -->
        <test-method status="PASS" signature="setUp()[pri:0, instance:com.crm.qa.testcases.HomePageTestCases@7e2d773b]" name="setUp" is-config="true" duration-ms="14232" started-at="2020-04-26T18:57:10 EDT" finished-at="2020-04-26T18:57:25 EDT">
          <reporter-output>
          </reporter-output>
        </test-method> <!-- setUp -->
        <test-method status="PASS" signature="verifyUserNameTest()[pri:2, instance:com.crm.qa.testcases.HomePageTestCases@7e2d773b]" name="verifyUserNameTest" duration-ms="163" started-at="2020-04-26T18:57:25 EDT" finished-at="2020-04-26T18:57:25 EDT">
          <reporter-output>
          </reporter-output>
        </test-method> <!-- verifyUserNameTest -->
        <test-method status="PASS" signature="tearDown()[pri:0, instance:com.crm.qa.testcases.HomePageTestCases@7e2d773b]" name="tearDown" is-config="true" duration-ms="849" started-at="2020-04-26T18:57:25 EDT" finished-at="2020-04-26T18:57:26 EDT">
          <reporter-output>
          </reporter-output>
        </test-method> <!-- tearDown -->
        <test-method status="PASS" signature="setUp()[pri:0, instance:com.crm.qa.testcases.HomePageTestCases@7e2d773b]" name="setUp" is-config="true" duration-ms="14414" started-at="2020-04-26T18:57:26 EDT" finished-at="2020-04-26T18:57:40 EDT">
          <reporter-output>
          </reporter-output>
        </test-method> <!-- setUp -->
        <test-method status="PASS" signature="virifyContactsLiskTest()[pri:3, instance:com.crm.qa.testcases.HomePageTestCases@7e2d773b]" name="virifyContactsLiskTest" duration-ms="1141" started-at="2020-04-26T18:57:40 EDT" finished-at="2020-04-26T18:57:41 EDT">
          <reporter-output>
          </reporter-output>
        </test-method> <!-- virifyContactsLiskTest -->
        <test-method status="PASS" signature="tearDown()[pri:0, instance:com.crm.qa.testcases.HomePageTestCases@7e2d773b]" name="tearDown" is-config="true" duration-ms="843" started-at="2020-04-26T18:57:41 EDT" finished-at="2020-04-26T18:57:42 EDT">
          <reporter-output>
          </reporter-output>
        </test-method> <!-- tearDown -->
      </class> <!-- com.crm.qa.testcases.HomePageTestCases -->
    </test> <!-- Default test -->
  </suite> <!-- Default suite -->
</testng-results>
